2019-11-22 19:45:46,324  INFO [main] LogReport:38 - login funcationality starts
2019-11-22 19:48:33,488  INFO [main] LogReport:38 - login funcationality starts
2019-11-25 10:46:27,577  INFO [main] LogReport:38 - login funcationality starts
2019-11-25 10:49:36,941  INFO [main] LogReport:38 - login funcationality starts
2019-11-25 10:53:16,674  INFO [main] LogReport:38 - login funcationality starts
2019-11-25 10:55:20,191  INFO [main] LogReport:38 - login funcationality starts
2019-11-25 10:55:21,255  INFO [main] LogReport:38 - login fincationality ends
2019-11-25 11:01:24,694  INFO [main] LogReport:38 - login funcationality starts
2019-11-25 11:01:28,169  INFO [main] LogReport:38 - login fincationality ends
2019-11-25 11:02:34,333  INFO [main] LogReport:38 - login funcationality starts
2019-11-25 11:02:37,489  INFO [main] LogReport:38 - login fincationality ends
2019-11-25 11:11:39,007  INFO [main] LogReport:38 - login funcationality starts
2019-11-25 11:11:40,424  INFO [main] LogReport:38 - login fincationality ends
2019-11-25 11:14:25,130  INFO [main] LogReport:38 - login funcationality starts
2019-11-25 11:14:26,679  INFO [main] LogReport:38 - login fincationality ends
2019-11-25 11:16:13,514  INFO [main] LogReport:38 - login funcationality starts
2019-11-25 11:16:15,021  INFO [main] LogReport:38 - login fincationality ends
2019-11-25 12:02:20,353  INFO [main] LogReport:38 - login funcationality starts
2019-11-25 12:02:22,188  INFO [main] LogReport:38 - login fincationality ends
2019-11-25 12:05:21,039  INFO [main] LogReport:38 - login funcationality starts
2019-11-25 12:05:22,590  INFO [main] LogReport:38 - login fincationality ends
2019-11-25 12:05:22,590  INFO [main] LogReport:38 - Hi Demo User Text validation starts
2019-11-25 12:13:21,241  INFO [main] LogReport:38 - login funcationality starts
2019-11-25 12:13:22,718  INFO [main] LogReport:38 - login fincationality ends
2019-11-25 12:13:22,719  INFO [main] LogReport:38 - Hi Demo User Text validation starts
2019-11-25 12:17:49,282  INFO [main] LogReport:38 - login funcationality starts
2019-11-25 12:17:50,808  INFO [main] LogReport:38 - login fincationality ends
2019-11-25 12:17:50,809  INFO [main] LogReport:38 - Hi Demo User Text validation starts
2019-11-25 12:21:44,121  INFO [main] LogReport:38 - login funcationality starts
2019-11-25 12:21:46,291  INFO [main] LogReport:38 - login fincationality ends
2019-11-25 12:21:46,292  INFO [main] LogReport:38 - Hi Demo User Text validation starts
2019-11-25 12:22:55,309  INFO [main] LogReport:38 - login funcationality starts
2019-11-25 12:22:57,097  INFO [main] LogReport:38 - login fincationality ends
2019-11-25 12:22:57,098  INFO [main] LogReport:38 - Hi Demo User Text validation starts
2019-11-25 12:40:37,558  INFO [main] LogReport:38 - login funcationality starts
2019-11-25 12:40:39,140  INFO [main] LogReport:38 - login fincationality ends
2019-11-25 12:40:39,141  INFO [main] LogReport:38 - Hi Demo User Text validation starts
2019-11-25 12:40:42,245  INFO [main] LogReport:38 - Booking Tab Text Validation 
2019-11-25 12:51:51,371  INFO [main] LogReport:38 - login funcationality starts
2019-11-25 12:51:53,386  INFO [main] LogReport:38 - login fincationality ends
2019-11-25 12:51:53,386  INFO [main] LogReport:38 - Hi Demo User Text validation starts
2019-11-25 12:51:56,490  INFO [main] LogReport:38 - Booking Tab Text Validation 
2019-11-25 12:55:02,555  INFO [main] LogReport:38 - login funcationality starts
2019-11-25 12:55:04,060  INFO [main] LogReport:38 - login fincationality ends
2019-11-25 12:55:04,060  INFO [main] LogReport:38 - Hi Demo User Text validation starts
2019-11-25 12:55:07,166  INFO [main] LogReport:38 - Booking Tab Text Validation 
2019-11-25 12:57:12,797  INFO [main] LogReport:38 - login funcationality starts
2019-11-25 12:57:14,648  INFO [main] LogReport:38 - login fincationality ends
2019-11-25 12:57:14,648  INFO [main] LogReport:38 - Hi Demo User Text validation starts
2019-11-25 12:57:18,542  INFO [main] LogReport:38 - Booking Tab Text Validation 
2019-11-25 13:03:24,912  INFO [main] LogReport:38 - login funcationality starts
2019-11-25 13:03:26,544  INFO [main] LogReport:38 - login fincationality ends
2019-11-25 13:03:26,545  INFO [main] LogReport:38 - Hi Demo User Text validation starts
2019-11-25 13:03:29,685  INFO [main] LogReport:38 - Booking Tab Text Validation 
2019-11-25 13:08:04,092  INFO [main] LogReport:38 - login funcationality starts
2019-11-25 13:08:05,940  INFO [main] LogReport:38 - login fincationality ends
2019-11-25 13:08:05,940  INFO [main] LogReport:38 - Hi Demo User Text validation starts
2019-11-25 13:08:09,062  INFO [main] LogReport:38 - Booking Tab Text Validation 
2019-11-25 13:18:01,779  INFO [main] LogReport:38 - login funcationality starts
2019-11-25 13:18:03,339  INFO [main] LogReport:38 - login fincationality ends
2019-11-25 13:18:03,339  INFO [main] LogReport:38 - Hi Demo User Text validation starts
2019-11-25 13:18:06,441  INFO [main] LogReport:38 - Booking Tab Text Validation 
2019-11-25 13:20:23,054  INFO [main] LogReport:38 - login funcationality starts
2019-11-25 13:20:24,577  INFO [main] LogReport:38 - login fincationality ends
2019-11-25 13:20:24,577  INFO [main] LogReport:38 - Hi Demo User Text validation starts
2019-11-25 13:20:27,694  INFO [main] LogReport:38 - Booking Tab Text Validation 
2019-11-26 10:44:58,286  INFO [main] LogReport:38 - login funcationality starts
2019-11-26 10:45:02,106  INFO [main] LogReport:38 - login fincationality ends
2019-11-26 10:45:02,107  INFO [main] LogReport:38 - Hi Demo User Text validation starts
2019-11-26 10:51:50,913  INFO [main] LogReport:38 - login funcationality starts
2019-11-26 10:51:52,350  INFO [main] LogReport:38 - login fincationality ends
2019-11-26 10:51:52,351  INFO [main] LogReport:38 - Hi Demo User Text validation starts
2019-11-26 10:51:56,091  INFO [main] LogReport:38 - Booking Tab Text Validation 
2019-11-26 10:54:25,289  INFO [main] LogReport:38 - login funcationality starts
2019-11-26 10:54:26,935  INFO [main] LogReport:38 - login fincationality ends
2019-11-26 10:54:26,936  INFO [main] LogReport:38 - Hi Demo User Text validation starts
2019-11-26 10:54:30,072  INFO [main] LogReport:38 - Booking Tab Text Validation 
2019-11-26 11:04:00,894  INFO [main] LogReport:38 - login funcationality starts
2019-11-26 11:04:03,020  INFO [main] LogReport:38 - login fincationality ends
2019-11-26 11:04:03,020  INFO [main] LogReport:38 - Hi Demo User Text validation starts
2019-11-26 11:04:06,116  INFO [main] LogReport:38 - Booking Tab Text Validation 
2019-11-26 11:05:04,597  INFO [main] LogReport:38 - login funcationality starts
2019-11-26 11:05:06,366  INFO [main] LogReport:38 - login fincationality ends
2019-11-26 11:05:06,367  INFO [main] LogReport:38 - Hi Demo User Text validation starts
2019-11-26 11:05:10,273  INFO [main] LogReport:38 - Booking Tab Text Validation 
2019-11-26 11:14:24,189  INFO [main] LogReport:38 - login funcationality starts
2019-11-26 11:14:25,777  INFO [main] LogReport:38 - login fincationality ends
2019-11-26 11:14:25,778  INFO [main] LogReport:38 - Hi Demo User Text validation starts
2019-11-26 11:14:28,904  INFO [main] LogReport:38 - Booking Tab Text Validation 
2019-11-26 11:14:29,009  INFO [main] LogReport:38 - Time and date validation starts
2019-11-26 11:19:08,134  INFO [main] LogReport:38 - login funcationality starts
2019-11-26 11:19:09,652  INFO [main] LogReport:38 - login fincationality ends
2019-11-26 11:19:09,652  INFO [main] LogReport:38 - Hi Demo User Text validation starts
2019-11-26 11:19:12,756  INFO [main] LogReport:38 - Booking Tab Text Validation 
2019-11-26 11:19:12,858  INFO [main] LogReport:38 - Time and date validation starts
2019-11-26 11:31:20,917  INFO [main] LogReport:38 - login funcationality starts
2019-11-26 11:31:22,748  INFO [main] LogReport:38 - login fincationality ends
2019-11-26 11:31:22,748  INFO [main] LogReport:38 - Hi Demo User Text validation starts
2019-11-26 11:31:26,818  INFO [main] LogReport:38 - Booking Tab Text Validation 
2019-11-26 11:31:26,941  INFO [main] LogReport:38 - Time and date validation starts
2019-11-26 11:32:46,258  INFO [main] LogReport:38 - login funcationality starts
2019-11-26 11:32:47,959  INFO [main] LogReport:38 - login fincationality ends
2019-11-26 11:32:47,959  INFO [main] LogReport:38 - Hi Demo User Text validation starts
2019-11-26 11:32:51,072  INFO [main] LogReport:38 - Booking Tab Text Validation 
2019-11-26 11:32:51,190  INFO [main] LogReport:38 - Time and date validation starts
2019-11-26 11:35:39,600  INFO [main] LogReport:38 - login funcationality starts
2019-11-26 11:35:41,265  INFO [main] LogReport:38 - login fincationality ends
2019-11-26 11:35:41,265  INFO [main] LogReport:38 - Hi Demo User Text validation starts
2019-11-26 11:35:44,394  INFO [main] LogReport:38 - Booking Tab Text Validation 
2019-11-26 11:35:44,504  INFO [main] LogReport:38 - Time and date validation starts
2019-11-26 11:37:16,509  INFO [main] LogReport:38 - login funcationality starts
2019-11-26 11:37:18,259  INFO [main] LogReport:38 - login fincationality ends
2019-11-26 11:37:18,259  INFO [main] LogReport:38 - Hi Demo User Text validation starts
2019-11-26 11:37:21,441  INFO [main] LogReport:38 - Booking Tab Text Validation 
2019-11-26 11:37:21,553  INFO [main] LogReport:38 - Time and date validation starts
2019-11-26 11:39:43,480  INFO [main] LogReport:38 - login funcationality starts
2019-11-26 11:39:47,233  INFO [main] LogReport:38 - login fincationality ends
2019-11-26 11:39:47,233  INFO [main] LogReport:38 - Hi Demo User Text validation starts
2019-11-26 11:39:50,342  INFO [main] LogReport:38 - Booking Tab Text Validation 
2019-11-26 11:39:50,448  INFO [main] LogReport:38 - Time and date validation starts
2019-11-26 11:43:54,858  INFO [main] LogReport:38 - login funcationality starts
2019-11-26 11:43:56,737  INFO [main] LogReport:38 - login fincationality ends
2019-11-26 11:43:56,738  INFO [main] LogReport:38 - Hi Demo User Text validation starts
2019-11-26 11:44:01,051  INFO [main] LogReport:38 - Booking Tab Text Validation 
2019-11-26 11:44:01,198  INFO [main] LogReport:38 - Time and date validation starts
2019-11-26 11:45:43,734  INFO [main] LogReport:38 - login funcationality starts
2019-11-26 11:45:45,377  INFO [main] LogReport:38 - login fincationality ends
2019-11-26 11:45:45,377  INFO [main] LogReport:38 - Hi Demo User Text validation starts
2019-11-26 11:45:48,482  INFO [main] LogReport:38 - Booking Tab Text Validation 
2019-11-26 11:45:48,584  INFO [main] LogReport:38 - Time and date validation starts
2019-11-26 12:14:30,468  INFO [main] LogReport:38 - login funcationality starts
2019-11-26 12:14:32,067  INFO [main] LogReport:38 - login fincationality ends
2019-11-26 12:14:32,068  INFO [main] LogReport:38 - Hi Demo User Text validation starts
2019-11-26 12:14:35,224  INFO [main] LogReport:38 - Booking Tab Text Validation 
2019-11-26 12:17:01,270  INFO [main] LogReport:38 - login funcationality starts
2019-11-26 12:17:03,247  INFO [main] LogReport:38 - login fincationality ends
2019-11-26 12:17:03,247  INFO [main] LogReport:38 - Hi Demo User Text validation starts
2019-11-26 12:17:06,930  INFO [main] LogReport:38 - Booking Tab Text Validation 
2019-11-26 12:17:07,047  INFO [main] LogReport:38 - Time and date validation starts
2019-11-26 12:17:07,114  INFO [main] LogReport:38 - Hours matched 
2019-11-26 12:17:07,114  INFO [main] LogReport:38 - Minutes matched
2019-11-26 12:18:06,748  INFO [main] LogReport:38 - login funcationality starts
2019-11-26 12:18:09,837  INFO [main] LogReport:38 - login fincationality ends
2019-11-26 12:18:09,838  INFO [main] LogReport:38 - Hi Demo User Text validation starts
2019-11-26 12:18:13,015  INFO [main] LogReport:38 - Booking Tab Text Validation 
2019-11-26 12:18:13,130  INFO [main] LogReport:38 - Time and date validation starts
2019-11-26 12:18:13,203  INFO [main] LogReport:38 - Hours matched 
2019-11-26 12:18:13,203  INFO [main] LogReport:38 - Minutes matched
2019-11-26 12:26:01,593  INFO [main] LogReport:38 - login funcationality starts
2019-11-26 12:26:03,623  INFO [main] LogReport:38 - login fincationality ends
2019-11-26 12:26:03,623  INFO [main] LogReport:38 - Hi Demo User Text validation starts
2019-11-26 12:26:07,589  INFO [main] LogReport:38 - Booking Tab Text Validation 
2019-11-26 12:26:07,708  INFO [main] LogReport:38 - Time and date validation starts
2019-11-26 12:26:07,777  INFO [main] LogReport:38 - Hours matched 
2019-11-26 12:26:07,777  INFO [main] LogReport:38 - Minutes matched
2019-11-26 12:28:25,099  INFO [main] LogReport:38 - login funcationality starts
2019-11-26 12:28:26,974  INFO [main] LogReport:38 - login fincationality ends
2019-11-26 12:28:26,974  INFO [main] LogReport:38 - Hi Demo User Text validation starts
2019-11-26 12:28:30,176  INFO [main] LogReport:38 - Booking Tab Text Validation 
2019-11-26 12:28:31,090  INFO [main] LogReport:38 - Time and date validation starts
2019-11-26 12:28:31,418  INFO [main] LogReport:38 - Hours matched 
2019-11-26 12:28:31,418  INFO [main] LogReport:38 - Minutes matched
2019-11-26 12:29:19,888  INFO [main] LogReport:38 - login funcationality starts
2019-11-26 12:29:24,474  INFO [main] LogReport:38 - login fincationality ends
2019-11-26 12:29:24,474  INFO [main] LogReport:38 - Hi Demo User Text validation starts
2019-11-26 12:29:31,868  INFO [main] LogReport:38 - Booking Tab Text Validation 
2019-11-26 12:29:32,019  INFO [main] LogReport:38 - Time and date validation starts
2019-11-26 12:29:32,103  INFO [main] LogReport:38 - Hours matched 
2019-11-26 12:29:32,103  INFO [main] LogReport:38 - Minutes matched
2019-11-26 12:30:54,560  INFO [main] LogReport:38 - login funcationality starts
2019-11-26 12:30:59,065  INFO [main] LogReport:38 - login fincationality ends
2019-11-26 12:30:59,066  INFO [main] LogReport:38 - Hi Demo User Text validation starts
2019-11-26 12:31:05,139  INFO [main] LogReport:38 - Booking Tab Text Validation 
2019-11-26 12:31:05,269  INFO [main] LogReport:38 - Time and date validation starts
2019-11-26 12:31:05,364  INFO [main] LogReport:38 - Hours matched 
2019-11-26 12:31:05,364  INFO [main] LogReport:38 - Minutes matched
2019-11-26 12:33:57,373  INFO [main] LogReport:38 - login funcationality starts
2019-11-26 12:34:03,584  INFO [main] LogReport:38 - login fincationality ends
2019-11-26 12:34:03,584  INFO [main] LogReport:38 - Hi Demo User Text validation starts
2019-11-26 12:34:10,977  INFO [main] LogReport:38 - Booking Tab Text Validation 
2019-11-26 12:34:11,307  INFO [main] LogReport:38 - Time and date validation starts
2019-11-26 12:34:11,457  INFO [main] LogReport:38 - Hours matched 
2019-11-26 12:34:11,458  INFO [main] LogReport:38 - Minutes matched
2019-11-26 13:51:51,959  INFO [main] LogReport:38 - login funcationality starts
2019-11-26 13:51:54,670  INFO [main] LogReport:38 - login fincationality ends
2019-11-26 13:51:54,671  INFO [main] LogReport:38 - Hi Demo User Text validation starts
2019-11-26 13:51:57,812  INFO [main] LogReport:38 - Booking Tab Text Validation 
2019-11-26 13:53:35,928  INFO [main] LogReport:38 - login funcationality starts
2019-11-26 13:53:37,559  INFO [main] LogReport:38 - login fincationality ends
2019-11-26 13:53:37,560  INFO [main] LogReport:38 - Hi Demo User Text validation starts
2019-11-26 13:53:41,047  INFO [main] LogReport:38 - Booking Tab Text Validation 
2019-11-26 13:56:29,975  INFO [main] LogReport:38 - login funcationality starts
2019-11-26 13:56:33,486  INFO [main] LogReport:38 - login fincationality ends
2019-11-26 13:56:33,487  INFO [main] LogReport:38 - Hi Demo User Text validation starts
2019-11-26 13:56:34,770  INFO [main] LogReport:38 - login funcationality starts
2019-11-26 13:56:37,788  INFO [main] LogReport:38 - login fincationality ends
2019-11-26 13:56:37,788  INFO [main] LogReport:38 - Hi Demo User Text validation starts
2019-11-26 13:57:07,647  INFO [main] LogReport:38 - login funcationality starts
2019-11-26 13:57:09,480  INFO [main] LogReport:38 - login fincationality ends
2019-11-26 13:57:09,480  INFO [main] LogReport:38 - Hi Demo User Text validation starts
2019-11-26 13:58:19,166  INFO [main] LogReport:38 - login funcationality starts
2019-11-26 13:58:21,094  INFO [main] LogReport:38 - login fincationality ends
2019-11-26 13:58:21,095  INFO [main] LogReport:38 - Hi Demo User Text validation starts
2019-11-26 13:59:31,207  INFO [main] LogReport:38 - login funcationality starts
2019-11-26 13:59:32,859  INFO [main] LogReport:38 - login fincationality ends
2019-11-26 13:59:32,860  INFO [main] LogReport:38 - Hi Demo User Text validation starts
2019-11-26 13:59:35,965  INFO [main] LogReport:38 - Booking Tab Text Validation 
2019-11-26 14:00:33,299  INFO [main] LogReport:38 - login funcationality starts
2019-11-26 14:00:34,803  INFO [main] LogReport:38 - login fincationality ends
2019-11-26 14:00:34,803  INFO [main] LogReport:38 - Hi Demo User Text validation starts
2019-11-26 14:00:37,907  INFO [main] LogReport:38 - Booking Tab Text Validation 
2019-11-26 14:00:38,013  INFO [main] LogReport:38 - Time and date validation starts
2019-11-26 14:00:38,082  INFO [main] LogReport:38 - Hours matched 
2019-11-26 14:00:38,082  INFO [main] LogReport:38 - Minutes matched
2019-11-26 15:10:25,570  INFO [main] LogReport:38 - login funcationality starts
2019-11-26 15:10:25,572  INFO [main] LogReport:38 - login funcationality starts
2019-11-26 15:10:31,353  INFO [main] LogReport:38 - login fincationality ends
2019-11-26 15:10:31,353  INFO [main] LogReport:38 - Hi Demo User Text validation starts
2019-11-26 15:10:31,452  INFO [main] LogReport:38 - login fincationality ends
2019-11-26 15:10:31,452  INFO [main] LogReport:38 - Hi Demo User Text validation starts
2019-11-26 15:10:38,524  INFO [main] LogReport:38 - Booking Tab Text Validation 
2019-11-26 15:10:38,552  INFO [main] LogReport:38 - Booking Tab Text Validation 
2019-11-26 15:10:38,681  INFO [main] LogReport:38 - Time and date validation starts
2019-11-26 15:10:38,773  INFO [main] LogReport:38 - Time and date validation starts
2019-11-26 15:10:38,859  INFO [main] LogReport:38 - Hours matched 
2019-11-26 15:10:38,860  INFO [main] LogReport:38 - Minutes matched
2019-11-26 15:10:38,886  INFO [main] LogReport:38 - Hours matched 
2019-11-26 15:10:38,887  INFO [main] LogReport:38 - Minutes matched
2019-11-26 15:10:39,026  INFO [main] LogReport:38 - validating booking id
2019-11-26 15:10:39,072  INFO [main] LogReport:38 - validating booking id
2019-11-26 15:13:00,277  INFO [main] LogReport:38 - login funcationality starts
2019-11-26 15:13:01,659  INFO [main] LogReport:38 - login fincationality ends
2019-11-26 15:13:01,659  INFO [main] LogReport:38 - Hi Demo User Text validation starts
2019-11-26 15:13:04,769  INFO [main] LogReport:38 - Booking Tab Text Validation 
2019-11-26 15:13:04,867  INFO [main] LogReport:38 - Time and date validation starts
2019-11-26 15:13:04,928  INFO [main] LogReport:38 - Hours matched 
2019-11-26 15:13:04,928  INFO [main] LogReport:38 - Minutes matched
2019-11-26 15:13:04,995  INFO [main] LogReport:38 - validating booking id
2019-11-26 15:16:05,029  INFO [main] LogReport:38 - login funcationality starts
2019-11-26 15:16:06,831  INFO [main] LogReport:38 - login fincationality ends
2019-11-26 15:16:06,832  INFO [main] LogReport:38 - Hi Demo User Text validation starts
2019-11-26 15:16:11,905  INFO [main] LogReport:38 - Booking Tab Text Validation 
2019-11-26 15:16:12,027  INFO [main] LogReport:38 - Time and date validation starts
2019-11-26 15:16:12,120  INFO [main] LogReport:38 - Hours matched 
2019-11-26 15:16:12,121  INFO [main] LogReport:38 - Minutes matched
2019-11-26 15:16:12,213  INFO [main] LogReport:38 - validating booking id
2019-11-26 15:18:50,634  INFO [main] LogReport:38 - login funcationality starts
2019-11-26 15:18:52,167  INFO [main] LogReport:38 - login fincationality ends
2019-11-26 15:18:52,167  INFO [main] LogReport:38 - Hi Demo User Text validation starts
2019-11-26 15:18:55,267  INFO [main] LogReport:38 - Booking Tab Text Validation 
2019-11-26 15:18:55,368  INFO [main] LogReport:38 - Time and date validation starts
2019-11-26 15:18:55,440  INFO [main] LogReport:38 - Hours matched 
2019-11-26 15:18:55,440  INFO [main] LogReport:38 - Minutes matched
2019-11-26 15:18:55,509  INFO [main] LogReport:38 - validating booking id
2019-11-26 15:20:08,293  INFO [main] LogReport:38 - login funcationality starts
2019-11-26 15:20:10,001  INFO [main] LogReport:38 - login fincationality ends
2019-11-26 15:20:10,001  INFO [main] LogReport:38 - Hi Demo User Text validation starts
2019-11-26 15:20:14,650  INFO [main] LogReport:38 - Booking Tab Text Validation 
2019-11-26 15:20:14,769  INFO [main] LogReport:38 - Time and date validation starts
2019-11-26 15:20:14,852  INFO [main] LogReport:38 - Hours matched 
2019-11-26 15:20:14,852  INFO [main] LogReport:38 - Minutes matched
2019-11-26 15:20:14,941  INFO [main] LogReport:38 - validating booking id
2019-11-26 15:21:11,784  INFO [main] LogReport:38 - login funcationality starts
2019-11-26 15:21:15,360  INFO [main] LogReport:38 - login fincationality ends
2019-11-26 15:21:15,360  INFO [main] LogReport:38 - Hi Demo User Text validation starts
2019-11-26 15:21:18,467  INFO [main] LogReport:38 - Booking Tab Text Validation 
2019-11-26 15:21:18,566  INFO [main] LogReport:38 - Time and date validation starts
2019-11-26 15:21:18,638  INFO [main] LogReport:38 - Hours matched 
2019-11-26 15:21:18,638  INFO [main] LogReport:38 - Minutes matched
2019-11-26 15:21:18,709  INFO [main] LogReport:38 - validating booking id
2019-11-26 15:26:18,467  INFO [main] LogReport:38 - login funcationality starts
2019-11-26 15:26:19,955  INFO [main] LogReport:38 - login fincationality ends
2019-11-26 15:26:19,956  INFO [main] LogReport:38 - Hi Demo User Text validation starts
2019-11-26 15:26:23,075  INFO [main] LogReport:38 - Booking Tab Text Validation 
2019-11-26 15:26:23,185  INFO [main] LogReport:38 - Time and date validation starts
2019-11-26 15:26:23,272  INFO [main] LogReport:38 - Hours matched 
2019-11-26 15:26:23,273  INFO [main] LogReport:38 - Minutes matched
2019-11-26 15:26:23,354  INFO [main] LogReport:38 - validating booking id
2019-11-26 15:27:45,496  INFO [main] LogReport:38 - login funcationality starts
2019-11-26 15:27:47,937  INFO [main] LogReport:38 - login fincationality ends
2019-11-26 15:27:47,937  INFO [main] LogReport:38 - Hi Demo User Text validation starts
2019-11-26 15:27:51,048  INFO [main] LogReport:38 - Booking Tab Text Validation 
2019-11-26 15:27:51,152  INFO [main] LogReport:38 - Time and date validation starts
2019-11-26 15:27:51,209  INFO [main] LogReport:38 - Hours matched 
2019-11-26 15:27:51,210  INFO [main] LogReport:38 - Minutes matched
2019-11-26 15:27:51,280  INFO [main] LogReport:38 - validating booking id
2019-11-26 15:29:33,379  INFO [main] LogReport:38 - login funcationality starts
2019-11-26 15:29:34,842  INFO [main] LogReport:38 - login fincationality ends
2019-11-26 15:29:34,842  INFO [main] LogReport:38 - Hi Demo User Text validation starts
2019-11-26 15:29:38,260  INFO [main] LogReport:38 - Booking Tab Text Validation 
2019-11-26 15:29:38,386  INFO [main] LogReport:38 - Time and date validation starts
2019-11-26 15:29:38,480  INFO [main] LogReport:38 - Hours matched 
2019-11-26 15:29:38,481  INFO [main] LogReport:38 - Minutes matched
2019-11-26 15:29:38,573  INFO [main] LogReport:38 - validating booking id
2019-11-26 17:08:28,415  INFO [main] LogReport:38 - login funcationality starts
2019-11-26 17:08:34,184  INFO [main] LogReport:38 - login fincationality ends
2019-11-26 17:08:34,185  INFO [main] LogReport:38 - Hi Demo User Text validation starts
2019-11-26 17:08:37,365  INFO [main] LogReport:38 - Booking Tab Text Validation 
2019-11-26 17:08:37,490  INFO [main] LogReport:38 - Time and date validation starts
2019-11-26 17:08:37,563  INFO [main] LogReport:38 - Hours matched 
2019-11-26 17:08:37,563  INFO [main] LogReport:38 - Minutes matched
2019-11-26 17:08:37,701  INFO [main] LogReport:38 - validating booking id
2019-11-26 17:10:29,407  INFO [main] LogReport:38 - login funcationality starts
2019-11-26 17:10:30,980  INFO [main] LogReport:38 - login fincationality ends
2019-11-26 17:10:30,980  INFO [main] LogReport:38 - Hi Demo User Text validation starts
2019-11-26 17:10:34,262  INFO [main] LogReport:38 - Booking Tab Text Validation 
2019-11-26 17:10:34,528  INFO [main] LogReport:38 - Time and date validation starts
2019-11-26 17:10:34,601  INFO [main] LogReport:38 - Hours matched 
2019-11-26 17:10:34,602  INFO [main] LogReport:38 - Minutes matched
2019-11-26 17:10:35,154  INFO [main] LogReport:38 - validating booking id
2019-11-26 17:18:13,161  INFO [main] LogReport:38 - login funcationality starts
2019-11-26 17:18:15,443  INFO [main] LogReport:38 - login fincationality ends
2019-11-26 17:18:15,444  INFO [main] LogReport:38 - Hi Demo User Text validation starts
2019-11-26 17:18:18,574  INFO [main] LogReport:38 - Booking Tab Text Validation 
2019-11-26 17:18:18,687  INFO [main] LogReport:38 - Time and date validation starts
2019-11-26 17:18:18,756  INFO [main] LogReport:38 - Hours matched 
2019-11-26 17:18:18,757  INFO [main] LogReport:38 - Minutes matched
2019-11-26 17:18:18,835  INFO [main] LogReport:38 - validating booking id
2019-11-26 17:18:23,318  INFO [main] LogReport:38 - assertion done
2019-11-26 19:19:20,706  INFO [main] LogReport:38 - login funcationality starts
2019-11-26 19:19:34,498  INFO [main] LogReport:38 - login fincationality ends
2019-11-26 19:19:34,498  INFO [main] LogReport:38 - Hi Demo User Text validation starts
2019-11-26 19:19:37,724  INFO [main] LogReport:38 - Booking Tab Text Validation 
2019-11-26 19:19:37,831  INFO [main] LogReport:38 - Time and date validation starts
2019-11-26 19:19:37,897  INFO [main] LogReport:38 - Hours matched 
2019-11-26 19:19:37,897  INFO [main] LogReport:38 - Minutes matched
2019-11-26 19:19:38,029  INFO [main] LogReport:38 - validating booking id
2019-11-26 19:19:42,716  INFO [main] LogReport:38 - assertion done for bookind id through url
2019-11-26 19:23:08,415  INFO [main] LogReport:38 - login funcationality starts
2019-11-26 19:23:09,921  INFO [main] LogReport:38 - login fincationality ends
2019-11-26 19:23:09,922  INFO [main] LogReport:38 - Hi Demo User Text validation starts
2019-11-26 19:23:13,052  INFO [main] LogReport:38 - Booking Tab Text Validation 
2019-11-26 19:23:13,171  INFO [main] LogReport:38 - Time and date validation starts
2019-11-26 19:23:13,250  INFO [main] LogReport:38 - Hours matched 
2019-11-26 19:23:13,251  INFO [main] LogReport:38 - Minutes matched
2019-11-26 19:23:13,321  INFO [main] LogReport:38 - validating booking id
2019-11-26 19:23:17,948  INFO [main] LogReport:38 - assertion done for bookind id through url
2019-11-26 19:25:25,362  INFO [main] LogReport:38 - login funcationality starts
2019-11-26 19:25:27,180  INFO [main] LogReport:38 - login fincationality ends
2019-11-26 19:25:27,180  INFO [main] LogReport:38 - Hi Demo User Text validation starts
2019-11-26 19:25:33,220  INFO [main] LogReport:38 - Booking Tab Text Validation 
2019-11-26 19:25:33,343  INFO [main] LogReport:38 - Time and date validation starts
2019-11-26 19:25:33,422  INFO [main] LogReport:38 - Hours matched 
2019-11-26 19:25:33,422  INFO [main] LogReport:38 - Minutes matched
2019-11-26 19:25:33,553  INFO [main] LogReport:38 - validating booking id
2019-11-26 19:25:38,155  INFO [main] LogReport:38 - assertion done for bookind id through url
2019-11-26 19:28:34,730  INFO [main] LogReport:38 - login funcationality starts
2019-11-26 19:28:36,650  INFO [main] LogReport:38 - login fincationality ends
2019-11-26 19:28:36,651  INFO [main] LogReport:38 - Hi Demo User Text validation starts
2019-11-26 19:28:42,786  INFO [main] LogReport:38 - Booking Tab Text Validation 
2019-11-26 19:28:42,901  INFO [main] LogReport:38 - Time and date validation starts
2019-11-26 19:28:43,001  INFO [main] LogReport:38 - Hours matched 
2019-11-26 19:28:43,001  INFO [main] LogReport:38 - Minutes matched
2019-11-26 19:28:43,085  INFO [main] LogReport:38 - validating booking id
2019-11-26 19:28:48,599  INFO [main] LogReport:38 - assertion done for bookind id through url
2019-11-26 19:34:37,728  INFO [main] LogReport:38 - login funcationality starts
2019-11-26 19:34:40,164  INFO [main] LogReport:38 - login fincationality ends
2019-11-26 19:34:40,164  INFO [main] LogReport:38 - Hi Demo User Text validation starts
2019-11-26 19:34:43,278  INFO [main] LogReport:38 - Booking Tab Text Validation 
2019-11-26 19:34:43,383  INFO [main] LogReport:38 - Time and date validation starts
2019-11-26 19:34:43,463  INFO [main] LogReport:38 - Hours matched 
2019-11-26 19:34:43,463  INFO [main] LogReport:38 - Minutes matched
2019-11-26 19:34:43,545  INFO [main] LogReport:38 - validating booking id
2019-11-26 19:34:48,046  INFO [main] LogReport:38 - assertion done for bookind id through url
2019-11-26 19:35:35,605  INFO [main] LogReport:38 - login funcationality starts
2019-11-26 19:35:37,381  INFO [main] LogReport:38 - login fincationality ends
2019-11-26 19:35:37,381  INFO [main] LogReport:38 - Hi Demo User Text validation starts
2019-11-26 19:35:41,518  INFO [main] LogReport:38 - Booking Tab Text Validation 
2019-11-26 19:35:41,635  INFO [main] LogReport:38 - Time and date validation starts
2019-11-26 19:35:41,703  INFO [main] LogReport:38 - Hours matched 
2019-11-26 19:35:41,703  INFO [main] LogReport:38 - Minutes matched
2019-11-26 19:35:41,785  INFO [main] LogReport:38 - validating booking id
2019-11-26 19:35:46,321  INFO [main] LogReport:38 - assertion done for bookind id through url
2019-11-26 19:37:58,062  INFO [main] LogReport:38 - login funcationality starts
2019-11-26 19:37:59,782  INFO [main] LogReport:38 - login fincationality ends
2019-11-26 19:37:59,783  INFO [main] LogReport:38 - Hi Demo User Text validation starts
2019-11-26 19:38:05,058  INFO [main] LogReport:38 - Booking Tab Text Validation 
2019-11-26 19:38:05,163  INFO [main] LogReport:38 - Time and date validation starts
2019-11-26 19:38:05,235  INFO [main] LogReport:38 - Hours matched 
2019-11-26 19:38:05,235  INFO [main] LogReport:38 - Minutes matched
2019-11-26 19:38:05,329  INFO [main] LogReport:38 - validating booking id
2019-11-26 19:38:09,834  INFO [main] LogReport:38 - assertion done for bookind id through url
2019-11-26 19:54:35,460  INFO [main] LogReport:38 - login funcationality starts
2019-11-26 19:54:39,018  INFO [main] LogReport:38 - login fincationality ends
2019-11-26 19:54:39,019  INFO [main] LogReport:38 - Hi Demo User Text validation starts
2019-11-26 19:54:42,141  INFO [main] LogReport:38 - Booking Tab Text Validation 
2019-11-26 19:54:42,248  INFO [main] LogReport:38 - Time and date validation starts
2019-11-26 19:54:42,323  INFO [main] LogReport:38 - Hours matched 
2019-11-26 19:54:42,324  INFO [main] LogReport:38 - Minutes matched
2019-11-26 19:54:42,530  INFO [main] LogReport:38 - validating booking id
2019-11-26 19:54:47,094  INFO [main] LogReport:38 - assertion done for bookind id through url
2019-11-27 11:05:15,896  INFO [main] LogReport:38 - login funcationality starts
2019-11-27 11:05:19,929  INFO [main] LogReport:38 - login fincationality ends
2019-11-27 11:05:19,930  INFO [main] LogReport:38 - Hi Demo User Text validation starts
2019-11-27 11:05:23,071  INFO [main] LogReport:38 - Booking Tab Text Validation 
2019-11-27 11:05:23,209  INFO [main] LogReport:38 - Time and date validation starts
2019-11-27 11:05:23,308  INFO [main] LogReport:38 - Hours matched 
2019-11-27 11:05:23,308  INFO [main] LogReport:38 - Minutes matched
2019-11-27 11:05:23,622  INFO [main] LogReport:38 - validating booking id
2019-11-27 11:05:28,225  INFO [main] LogReport:38 - assertion done for bookind id through url
2019-11-27 11:09:56,904  INFO [main] LogReport:38 - login funcationality starts
2019-11-27 11:10:00,047  INFO [main] LogReport:38 - login fincationality ends
2019-11-27 11:10:00,047  INFO [main] LogReport:38 - Hi Demo User Text validation starts
2019-11-27 11:10:04,438  INFO [main] LogReport:38 - Booking Tab Text Validation 
2019-11-27 11:10:04,593  INFO [main] LogReport:38 - Time and date validation starts
2019-11-27 11:10:04,973  INFO [main] LogReport:38 - Hours matched 
2019-11-27 11:10:04,974  INFO [main] LogReport:38 - Minutes matched
2019-11-27 11:10:05,300  INFO [main] LogReport:38 - validating booking id
2019-11-27 11:10:09,901  INFO [main] LogReport:38 - assertion done for bookind id through url
2019-11-27 11:12:36,711  INFO [main] LogReport:38 - login funcationality starts
2019-11-27 11:12:41,217  INFO [main] LogReport:38 - login fincationality ends
2019-11-27 11:12:41,217  INFO [main] LogReport:38 - Hi Demo User Text validation starts
2019-11-27 11:12:44,836  INFO [main] LogReport:38 - Booking Tab Text Validation 
2019-11-27 11:12:44,964  INFO [main] LogReport:38 - Time and date validation starts
2019-11-27 11:12:45,047  INFO [main] LogReport:38 - Hours matched 
2019-11-27 11:12:45,047  INFO [main] LogReport:38 - Minutes matched
2019-11-27 11:12:45,526  INFO [main] LogReport:38 - validating booking id
2019-11-27 11:12:51,172  INFO [main] LogReport:38 - assertion done for bookind id through url
2019-11-27 11:22:22,265  INFO [main] LogReport:38 - login funcationality starts
2019-11-27 11:22:27,103  INFO [main] LogReport:38 - login fincationality ends
2019-11-27 11:22:27,104  INFO [main] LogReport:38 - Hi Demo User Text validation starts
2019-11-27 11:22:31,593  INFO [main] LogReport:38 - Booking Tab Text Validation 
2019-11-27 11:22:31,715  INFO [main] LogReport:38 - Time and date validation starts
2019-11-27 11:22:31,838  INFO [main] LogReport:38 - Hours matched 
2019-11-27 11:22:31,839  INFO [main] LogReport:38 - Minutes matched
2019-11-27 11:54:18,421  INFO [main] LogReport:38 - login funcationality starts
2019-11-27 11:54:20,225  INFO [main] LogReport:38 - login fincationality ends
2019-11-27 11:54:20,225  INFO [main] LogReport:38 - Hi Demo User Text validation starts
2019-11-27 11:54:23,336  INFO [main] LogReport:38 - Booking Tab Text Validation 
2019-11-27 11:54:23,443  INFO [main] LogReport:38 - Time and date validation starts
2019-11-27 11:54:23,531  INFO [main] LogReport:38 - Hours matched 
2019-11-27 11:54:23,532  INFO [main] LogReport:38 - Minutes matched
2019-11-27 11:56:48,035  INFO [main] LogReport:38 - login funcationality starts
2019-11-27 11:56:50,041  INFO [main] LogReport:38 - login fincationality ends
2019-11-27 11:56:50,041  INFO [main] LogReport:38 - Hi Demo User Text validation starts
2019-11-27 11:56:53,227  INFO [main] LogReport:38 - Booking Tab Text Validation 
2019-11-27 11:56:53,350  INFO [main] LogReport:38 - Time and date validation starts
2019-11-27 11:56:53,458  INFO [main] LogReport:38 - Hours matched 
2019-11-27 11:56:53,458  INFO [main] LogReport:38 - Minutes matched
2019-11-27 12:04:56,197  INFO [main] LogReport:38 - login funcationality starts
2019-11-27 12:04:59,090  INFO [main] LogReport:38 - login fincationality ends
2019-11-27 12:04:59,090  INFO [main] LogReport:38 - Hi Demo User Text validation starts
2019-11-27 12:05:02,835  INFO [main] LogReport:38 - Booking Tab Text Validation 
2019-11-27 12:05:03,045  INFO [main] LogReport:38 - Time and date validation starts
2019-11-27 12:05:03,137  INFO [main] LogReport:38 - Hours matched 
2019-11-27 12:05:03,137  INFO [main] LogReport:38 - Minutes matched
2019-11-27 12:20:29,771  INFO [main] LogReport:38 - login funcationality starts
2019-11-27 12:20:31,318  INFO [main] LogReport:38 - login fincationality ends
2019-11-27 12:20:31,319  INFO [main] LogReport:38 - Hi Demo User Text validation starts
2019-11-27 12:20:34,439  INFO [main] LogReport:38 - Booking Tab Text Validation 
2019-11-27 12:20:34,549  INFO [main] LogReport:38 - Time and date validation starts
2019-11-27 12:20:34,619  INFO [main] LogReport:38 - Hours matched 
2019-11-27 12:20:34,620  INFO [main] LogReport:38 - Minutes matched
2019-11-27 12:24:20,829  INFO [main] LogReport:38 - login funcationality starts
2019-11-27 12:24:22,719  INFO [main] LogReport:38 - login fincationality ends
2019-11-27 12:24:22,719  INFO [main] LogReport:38 - Hi Demo User Text validation starts
2019-11-27 12:24:25,838  INFO [main] LogReport:38 - Booking Tab Text Validation 
2019-11-27 12:24:25,942  INFO [main] LogReport:38 - Time and date validation starts
2019-11-27 12:24:26,020  INFO [main] LogReport:38 - Hours matched 
2019-11-27 12:24:26,021  INFO [main] LogReport:38 - Minutes matched
2019-11-27 12:27:41,563  INFO [main] LogReport:38 - login funcationality starts
2019-11-27 12:27:43,127  INFO [main] LogReport:38 - login fincationality ends
2019-11-27 12:27:43,128  INFO [main] LogReport:38 - Hi Demo User Text validation starts
2019-11-27 12:27:46,504  INFO [main] LogReport:38 - Booking Tab Text Validation 
2019-11-27 12:27:46,619  INFO [main] LogReport:38 - Time and date validation starts
2019-11-27 12:27:46,684  INFO [main] LogReport:38 - Hours matched 
2019-11-27 12:27:46,685  INFO [main] LogReport:38 - Minutes matched
2019-11-27 12:33:46,439  INFO [main] LogReport:38 - login funcationality starts
2019-11-27 12:33:49,198  INFO [main] LogReport:38 - login fincationality ends
2019-11-27 12:33:49,198  INFO [main] LogReport:38 - Hi Demo User Text validation starts
2019-11-27 12:33:53,149  INFO [main] LogReport:38 - Booking Tab Text Validation 
2019-11-27 12:33:53,262  INFO [main] LogReport:38 - Time and date validation starts
2019-11-27 12:33:53,352  INFO [main] LogReport:38 - Hours matched 
2019-11-27 12:33:53,352  INFO [main] LogReport:38 - Minutes matched
2019-11-27 12:35:56,987  INFO [main] LogReport:38 - login funcationality starts
2019-11-27 12:35:58,730  INFO [main] LogReport:38 - login fincationality ends
2019-11-27 12:35:58,731  INFO [main] LogReport:38 - Hi Demo User Text validation starts
2019-11-27 12:36:03,834  INFO [main] LogReport:38 - Booking Tab Text Validation 
2019-11-27 12:36:03,962  INFO [main] LogReport:38 - Time and date validation starts
2019-11-27 12:36:04,058  INFO [main] LogReport:38 - Hours matched 
2019-11-27 12:36:04,058  INFO [main] LogReport:38 - Minutes matched
2019-11-27 12:40:09,701  INFO [main] LogReport:38 - login funcationality starts
2019-11-27 12:40:11,281  INFO [main] LogReport:38 - login fincationality ends
2019-11-27 12:40:11,282  INFO [main] LogReport:38 - Hi Demo User Text validation starts
2019-11-27 12:40:14,399  INFO [main] LogReport:38 - Booking Tab Text Validation 
2019-11-27 12:40:14,509  INFO [main] LogReport:38 - Time and date validation starts
2019-11-27 12:40:14,579  INFO [main] LogReport:38 - Hours matched 
2019-11-27 12:40:14,579  INFO [main] LogReport:38 - Minutes matched
2019-11-27 12:44:40,072  INFO [main] LogReport:38 - login funcationality starts
2019-11-27 12:44:41,859  INFO [main] LogReport:38 - login fincationality ends
2019-11-27 12:44:41,860  INFO [main] LogReport:38 - Hi Demo User Text validation starts
2019-11-27 12:44:44,973  INFO [main] LogReport:38 - Booking Tab Text Validation 
2019-11-27 12:44:45,075  INFO [main] LogReport:38 - Time and date validation starts
2019-11-27 12:44:45,162  INFO [main] LogReport:38 - Hours matched 
2019-11-27 12:44:45,162  INFO [main] LogReport:38 - Minutes matched
2019-11-27 12:45:37,315  INFO [main] LogReport:38 - login funcationality starts
2019-11-27 12:45:41,011  INFO [main] LogReport:38 - login fincationality ends
2019-11-27 12:45:41,011  INFO [main] LogReport:38 - Hi Demo User Text validation starts
2019-11-27 12:45:44,120  INFO [main] LogReport:38 - Booking Tab Text Validation 
2019-11-27 12:45:44,235  INFO [main] LogReport:38 - Time and date validation starts
2019-11-27 12:45:44,302  INFO [main] LogReport:38 - Hours matched 
2019-11-27 12:45:44,302  INFO [main] LogReport:38 - Minutes matched
2019-11-27 12:47:03,171  INFO [main] LogReport:38 - login funcationality starts
2019-11-27 12:47:05,758  INFO [main] LogReport:38 - login fincationality ends
2019-11-27 12:47:05,759  INFO [main] LogReport:38 - Hi Demo User Text validation starts
2019-11-27 12:47:10,942  INFO [main] LogReport:38 - Booking Tab Text Validation 
2019-11-27 12:47:11,062  INFO [main] LogReport:38 - Time and date validation starts
2019-11-27 12:47:11,151  INFO [main] LogReport:38 - Hours matched 
2019-11-27 12:47:11,151  INFO [main] LogReport:38 - Minutes matched
2019-11-27 12:50:48,982  INFO [main] LogReport:38 - login funcationality starts
2019-11-27 12:50:54,691  INFO [main] LogReport:38 - login fincationality ends
2019-11-27 12:50:54,692  INFO [main] LogReport:38 - Hi Demo User Text validation starts
2019-11-27 12:50:58,399  INFO [main] LogReport:38 - Booking Tab Text Validation 
2019-11-27 12:50:58,504  INFO [main] LogReport:38 - Time and date validation starts
2019-11-27 12:50:58,595  INFO [main] LogReport:38 - Hours matched 
2019-11-27 12:50:58,595  INFO [main] LogReport:38 - Minutes matched
2019-11-27 12:54:02,862  INFO [main] LogReport:38 - login funcationality starts
2019-11-27 12:54:06,087  INFO [main] LogReport:38 - login fincationality ends
2019-11-27 12:54:06,087  INFO [main] LogReport:38 - Hi Demo User Text validation starts
2019-11-27 12:54:09,789  INFO [main] LogReport:38 - Booking Tab Text Validation 
2019-11-27 12:54:09,975  INFO [main] LogReport:38 - Time and date validation starts
2019-11-27 12:54:10,047  INFO [main] LogReport:38 - Hours matched 
2019-11-27 12:54:10,047  INFO [main] LogReport:38 - Minutes matched
2019-11-27 14:21:19,206  INFO [main] LogReport:38 - login funcationality starts
2019-11-27 14:21:20,335  INFO [main] LogReport:38 - login fincationality ends
2019-11-27 14:21:20,335  INFO [main] LogReport:38 - Hi Demo User Text validation starts
2019-11-27 14:22:04,846  INFO [main] LogReport:38 - login funcationality starts
2019-11-27 14:22:08,107  INFO [main] LogReport:38 - login fincationality ends
2019-11-27 14:22:08,107  INFO [main] LogReport:38 - Hi Demo User Text validation starts
2019-11-27 14:22:13,132  INFO [main] LogReport:38 - Booking Tab Text Validation 
2019-11-27 14:22:13,242  INFO [main] LogReport:38 - Time and date validation starts
2019-11-27 14:22:13,317  INFO [main] LogReport:38 - Hours matched 
2019-11-27 14:22:13,318  INFO [main] LogReport:38 - Minutes matched
2019-11-27 14:24:28,538  INFO [main] LogReport:38 - login funcationality starts
2019-11-27 14:24:29,991  INFO [main] LogReport:38 - login fincationality ends
2019-11-27 14:24:29,991  INFO [main] LogReport:38 - Hi Demo User Text validation starts
2019-11-27 14:24:33,103  INFO [main] LogReport:38 - Booking Tab Text Validation 
2019-11-27 14:24:33,210  INFO [main] LogReport:38 - Time and date validation starts
2019-11-27 14:24:33,276  INFO [main] LogReport:38 - Hours matched 
2019-11-27 14:24:33,276  INFO [main] LogReport:38 - Minutes matched
2019-11-27 15:10:58,977  INFO [main] LogReport:38 - login funcationality starts
2019-11-27 15:11:00,883  INFO [main] LogReport:38 - login fincationality ends
2019-11-27 15:11:00,884  INFO [main] LogReport:38 - Hi Demo User Text validation starts
2019-11-27 15:11:04,000  INFO [main] LogReport:38 - Booking Tab Text Validation 
2019-11-27 15:11:04,119  INFO [main] LogReport:38 - Time and date validation starts
2019-11-27 15:11:04,185  INFO [main] LogReport:38 - Hours matched 
2019-11-27 15:11:04,186  INFO [main] LogReport:38 - Minutes matched
2019-11-27 15:14:06,565  INFO [main] LogReport:38 - login funcationality starts
2019-11-27 15:14:08,116  INFO [main] LogReport:38 - login fincationality ends
2019-11-27 15:14:08,116  INFO [main] LogReport:38 - Hi Demo User Text validation starts
2019-11-27 15:14:11,231  INFO [main] LogReport:38 - Booking Tab Text Validation 
2019-11-27 15:14:11,338  INFO [main] LogReport:38 - Time and date validation starts
2019-11-27 15:14:11,407  INFO [main] LogReport:38 - Hours matched 
2019-11-27 15:14:11,407  INFO [main] LogReport:38 - Minutes matched
2019-11-27 15:19:31,220  INFO [main] LogReport:38 - login funcationality starts
2019-11-27 15:19:32,784  INFO [main] LogReport:38 - login fincationality ends
2019-11-27 15:19:32,784  INFO [main] LogReport:38 - Hi Demo User Text validation starts
2019-11-27 15:19:35,893  INFO [main] LogReport:38 - Booking Tab Text Validation 
2019-11-27 15:19:35,989  INFO [main] LogReport:38 - Time and date validation starts
2019-11-27 15:19:36,068  INFO [main] LogReport:38 - Hours matched 
2019-11-27 15:19:36,068  INFO [main] LogReport:38 - Minutes matched
2019-11-27 15:21:55,319  INFO [main] LogReport:38 - login funcationality starts
2019-11-27 15:21:56,870  INFO [main] LogReport:38 - login fincationality ends
2019-11-27 15:21:56,870  INFO [main] LogReport:38 - Hi Demo User Text validation starts
2019-11-27 15:21:59,999  INFO [main] LogReport:38 - Booking Tab Text Validation 
2019-11-27 15:22:00,121  INFO [main] LogReport:38 - Time and date validation starts
2019-11-27 15:22:00,200  INFO [main] LogReport:38 - Hours matched 
2019-11-27 15:22:00,200  INFO [main] LogReport:38 - Minutes matched
2019-11-27 15:27:37,275  INFO [main] LogReport:38 - login funcationality starts
2019-11-27 15:27:37,338  INFO [main] LogReport:38 - login funcationality starts
2019-11-27 15:27:39,725  INFO [main] LogReport:38 - login fincationality ends
2019-11-27 15:27:39,726  INFO [main] LogReport:38 - Hi Demo User Text validation starts
2019-11-27 15:27:40,160  INFO [main] LogReport:38 - login fincationality ends
2019-11-27 15:27:40,160  INFO [main] LogReport:38 - Hi Demo User Text validation starts
2019-11-27 15:27:46,033  INFO [main] LogReport:38 - Booking Tab Text Validation 
2019-11-27 15:27:46,167  INFO [main] LogReport:38 - Time and date validation starts
2019-11-27 15:27:46,267  INFO [main] LogReport:38 - Hours matched 
2019-11-27 15:27:46,268  INFO [main] LogReport:38 - Minutes matched
2019-11-27 15:27:47,160  INFO [main] LogReport:38 - Booking Tab Text Validation 
2019-11-27 15:27:47,296  INFO [main] LogReport:38 - Time and date validation starts
2019-11-27 15:27:47,424  INFO [main] LogReport:38 - Hours matched 
2019-11-27 15:27:47,425  INFO [main] LogReport:38 - Minutes matched
2019-11-27 15:28:27,066  INFO [main] LogReport:38 - login funcationality starts
2019-11-27 15:28:28,673  INFO [main] LogReport:38 - login fincationality ends
2019-11-27 15:28:28,674  INFO [main] LogReport:38 - Hi Demo User Text validation starts
2019-11-27 15:28:31,796  INFO [main] LogReport:38 - Booking Tab Text Validation 
2019-11-27 15:28:31,904  INFO [main] LogReport:38 - Time and date validation starts
2019-11-27 15:28:31,987  INFO [main] LogReport:38 - Hours matched 
2019-11-27 15:28:31,987  INFO [main] LogReport:38 - Minutes matched
2019-11-27 15:39:41,649  INFO [main] LogReport:38 - login funcationality starts
2019-11-27 15:39:43,178  INFO [main] LogReport:38 - login fincationality ends
2019-11-27 15:39:43,179  INFO [main] LogReport:38 - Hi Demo User Text validation starts
2019-11-27 15:39:46,305  INFO [main] LogReport:38 - Booking Tab Text Validation 
2019-11-27 15:39:46,410  INFO [main] LogReport:38 - Time and date validation starts
2019-11-27 15:39:46,483  INFO [main] LogReport:38 - Hours matched 
2019-11-27 15:39:46,484  INFO [main] LogReport:38 - Minutes matched
2019-11-27 15:43:16,762  INFO [main] LogReport:38 - login funcationality starts
2019-11-27 15:43:18,534  INFO [main] LogReport:38 - login fincationality ends
2019-11-27 15:43:18,535  INFO [main] LogReport:38 - Hi Demo User Text validation starts
2019-11-27 15:43:21,648  INFO [main] LogReport:38 - Booking Tab Text Validation 
2019-11-27 15:43:22,138  INFO [main] LogReport:38 - Time and date validation starts
2019-11-27 15:43:22,649  INFO [main] LogReport:38 - Hours matched 
2019-11-27 15:43:22,651  INFO [main] LogReport:38 - Minutes matched
2019-11-27 15:44:07,017  INFO [main] LogReport:38 - login funcationality starts
2019-11-27 15:44:08,575  INFO [main] LogReport:38 - login fincationality ends
2019-11-27 15:44:08,576  INFO [main] LogReport:38 - Hi Demo User Text validation starts
2019-11-27 15:44:11,687  INFO [main] LogReport:38 - Booking Tab Text Validation 
2019-11-27 15:44:11,811  INFO [main] LogReport:38 - Time and date validation starts
2019-11-27 15:44:11,880  INFO [main] LogReport:38 - Hours matched 
2019-11-27 15:44:11,880  INFO [main] LogReport:38 - Minutes matched
2019-11-27 16:02:45,136  INFO [main] LogReport:38 - login funcationality starts
2019-11-27 16:02:46,653  INFO [main] LogReport:38 - login fincationality ends
2019-11-27 16:02:46,653  INFO [main] LogReport:38 - Hi Demo User Text validation starts
2019-11-27 16:02:49,779  INFO [main] LogReport:38 - Booking Tab Text Validation 
2019-11-27 16:02:49,896  INFO [main] LogReport:38 - Time and date validation starts
2019-11-27 16:02:49,979  INFO [main] LogReport:38 - Hours matched 
2019-11-27 16:02:49,979  INFO [main] LogReport:38 - Minutes matched
2019-11-27 16:04:41,791  INFO [main] LogReport:38 - login funcationality starts
2019-11-27 16:04:43,618  INFO [main] LogReport:38 - login fincationality ends
2019-11-27 16:04:43,618  INFO [main] LogReport:38 - Hi Demo User Text validation starts
2019-11-27 16:04:46,748  INFO [main] LogReport:38 - Booking Tab Text Validation 
2019-11-27 16:04:46,863  INFO [main] LogReport:38 - Time and date validation starts
2019-11-27 16:04:46,949  INFO [main] LogReport:38 - Hours matched 
2019-11-27 16:04:46,949  INFO [main] LogReport:38 - Minutes matched
2019-11-27 16:05:32,130  INFO [main] LogReport:38 - login funcationality starts
2019-11-27 16:05:35,152  INFO [main] LogReport:38 - login fincationality ends
2019-11-27 16:05:35,153  INFO [main] LogReport:38 - Hi Demo User Text validation starts
2019-11-27 16:05:38,279  INFO [main] LogReport:38 - Booking Tab Text Validation 
2019-11-27 16:05:38,402  INFO [main] LogReport:38 - Time and date validation starts
2019-11-27 16:05:38,484  INFO [main] LogReport:38 - Hours matched 
2019-11-27 16:05:38,485  INFO [main] LogReport:38 - Minutes matched
2019-11-27 16:07:13,612  INFO [main] LogReport:38 - login funcationality starts
2019-11-27 16:07:15,331  INFO [main] LogReport:38 - login fincationality ends
2019-11-27 16:07:15,332  INFO [main] LogReport:38 - Hi Demo User Text validation starts
2019-11-27 16:07:19,258  INFO [main] LogReport:38 - Booking Tab Text Validation 
2019-11-27 16:07:19,854  INFO [main] LogReport:38 - Time and date validation starts
2019-11-27 16:07:20,252  INFO [main] LogReport:38 - Hours matched 
2019-11-27 16:07:20,254  INFO [main] LogReport:38 - Minutes matched
2019-11-27 16:08:06,534  INFO [main] LogReport:38 - login funcationality starts
2019-11-27 16:08:08,287  INFO [main] LogReport:38 - login fincationality ends
2019-11-27 16:08:08,287  INFO [main] LogReport:38 - Hi Demo User Text validation starts
2019-11-27 16:08:12,925  INFO [main] LogReport:38 - Booking Tab Text Validation 
2019-11-27 16:08:13,044  INFO [main] LogReport:38 - Time and date validation starts
2019-11-27 16:08:13,161  INFO [main] LogReport:38 - Hours matched 
2019-11-27 16:08:13,162  INFO [main] LogReport:38 - Minutes matched
2019-11-27 16:09:56,621  INFO [main] LogReport:38 - login funcationality starts
2019-11-27 16:09:58,155  INFO [main] LogReport:38 - login fincationality ends
2019-11-27 16:09:58,156  INFO [main] LogReport:38 - Hi Demo User Text validation starts
2019-11-27 16:10:01,277  INFO [main] LogReport:38 - Booking Tab Text Validation 
2019-11-27 16:10:01,407  INFO [main] LogReport:38 - Time and date validation starts
2019-11-27 16:10:01,474  INFO [main] LogReport:38 - Hours matched 
2019-11-27 16:10:01,474  INFO [main] LogReport:38 - Minutes matched
2019-11-27 17:05:13,271  INFO [main] LogReport:38 - login funcationality starts
2019-11-27 17:05:15,299  INFO [main] LogReport:38 - login fincationality ends
2019-11-27 17:05:15,299  INFO [main] LogReport:38 - Hi Demo User Text validation starts
2019-11-27 17:05:18,464  INFO [main] LogReport:38 - Booking Tab Text Validation 
2019-11-27 17:05:18,625  INFO [main] LogReport:38 - Time and date validation starts
2019-11-27 17:05:18,723  INFO [main] LogReport:38 - Hours matched 
2019-11-27 17:05:18,724  INFO [main] LogReport:38 - Minutes matched
2019-11-27 17:07:36,583  INFO [main] LogReport:38 - login funcationality starts
2019-11-27 17:07:38,153  INFO [main] LogReport:38 - login fincationality ends
2019-11-27 17:07:38,153  INFO [main] LogReport:38 - Hi Demo User Text validation starts
2019-11-27 17:07:41,306  INFO [main] LogReport:38 - Booking Tab Text Validation 
2019-11-27 17:07:41,444  INFO [main] LogReport:38 - Time and date validation starts
2019-11-27 17:07:41,511  INFO [main] LogReport:38 - Hours matched 
2019-11-27 17:07:41,511  INFO [main] LogReport:38 - Minutes matched
2019-11-27 17:08:51,856  INFO [main] LogReport:38 - login funcationality starts
2019-11-27 17:08:53,617  INFO [main] LogReport:38 - login fincationality ends
2019-11-27 17:08:53,617  INFO [main] LogReport:38 - Hi Demo User Text validation starts
2019-11-27 17:08:58,248  INFO [main] LogReport:38 - Booking Tab Text Validation 
2019-11-27 17:08:58,409  INFO [main] LogReport:38 - Time and date validation starts
2019-11-27 17:08:58,521  INFO [main] LogReport:38 - Hours matched 
2019-11-27 17:08:58,522  INFO [main] LogReport:38 - Minutes matched
2019-11-27 17:16:44,745  INFO [main] LogReport:38 - login funcationality starts
2019-11-27 17:16:46,335  INFO [main] LogReport:38 - login fincationality ends
2019-11-27 17:16:46,335  INFO [main] LogReport:38 - Hi Demo User Text validation starts
2019-11-27 17:16:49,478  INFO [main] LogReport:38 - Booking Tab Text Validation 
2019-11-27 17:16:49,617  INFO [main] LogReport:38 - Time and date validation starts
2019-11-27 17:16:49,685  INFO [main] LogReport:38 - Hours matched 
2019-11-27 17:16:49,686  INFO [main] LogReport:38 - Minutes matched
2019-11-27 17:17:32,058  INFO [main] LogReport:38 - login funcationality starts
2019-11-27 17:17:33,698  INFO [main] LogReport:38 - login fincationality ends
2019-11-27 17:17:33,699  INFO [main] LogReport:38 - Hi Demo User Text validation starts
2019-11-27 17:17:36,823  INFO [main] LogReport:38 - Booking Tab Text Validation 
2019-11-27 17:17:36,990  INFO [main] LogReport:38 - Time and date validation starts
2019-11-27 17:17:37,065  INFO [main] LogReport:38 - Hours matched 
2019-11-27 17:17:37,066  INFO [main] LogReport:38 - Minutes matched
2019-11-27 17:18:59,083  INFO [main] LogReport:38 - login funcationality starts
2019-11-27 17:19:01,867  INFO [main] LogReport:38 - login fincationality ends
2019-11-27 17:19:01,867  INFO [main] LogReport:38 - Hi Demo User Text validation starts
2019-11-27 17:19:05,033  INFO [main] LogReport:38 - Booking Tab Text Validation 
2019-11-27 17:19:05,195  INFO [main] LogReport:38 - Time and date validation starts
2019-11-27 17:19:05,305  INFO [main] LogReport:38 - Hours matched 
2019-11-27 17:19:05,305  INFO [main] LogReport:38 - Minutes matched
2019-11-27 17:21:46,494  INFO [main] LogReport:38 - login funcationality starts
2019-11-27 17:21:48,356  INFO [main] LogReport:38 - login fincationality ends
2019-11-27 17:21:48,357  INFO [main] LogReport:38 - Hi Demo User Text validation starts
2019-11-27 17:21:53,432  INFO [main] LogReport:38 - Booking Tab Text Validation 
2019-11-27 17:21:53,585  INFO [main] LogReport:38 - Time and date validation starts
2019-11-27 17:21:53,659  INFO [main] LogReport:38 - Hours matched 
2019-11-27 17:21:53,660  INFO [main] LogReport:38 - Minutes matched
2019-11-27 17:30:57,571  INFO [main] LogReport:38 - login funcationality starts
2019-11-27 17:30:59,097  INFO [main] LogReport:38 - login fincationality ends
2019-11-27 17:30:59,098  INFO [main] LogReport:38 - Hi Demo User Text validation starts
2019-11-27 17:31:02,220  INFO [main] LogReport:38 - Booking Tab Text Validation 
2019-11-27 17:31:02,361  INFO [main] LogReport:38 - Time and date validation starts
2019-11-27 17:31:02,438  INFO [main] LogReport:38 - Hours matched 
2019-11-27 17:31:02,438  INFO [main] LogReport:38 - Minutes matched
2019-11-27 17:37:42,149  INFO [main] LogReport:38 - login funcationality starts
2019-11-27 17:37:43,795  INFO [main] LogReport:38 - login fincationality ends
2019-11-27 17:37:43,795  INFO [main] LogReport:38 - Hi Demo User Text validation starts
2019-11-27 17:37:46,945  INFO [main] LogReport:38 - Booking Tab Text Validation 
2019-11-27 17:37:47,066  INFO [main] LogReport:38 - Time and date validation starts
2019-11-27 17:37:47,149  INFO [main] LogReport:38 - Hours matched 
2019-11-27 17:37:47,150  INFO [main] LogReport:38 - Minutes matched
2019-11-27 17:44:33,282  INFO [main] LogReport:38 - login funcationality starts
2019-11-27 17:44:34,809  INFO [main] LogReport:38 - login fincationality ends
2019-11-27 17:44:34,810  INFO [main] LogReport:38 - Hi Demo User Text validation starts
2019-11-27 17:44:37,948  INFO [main] LogReport:38 - Booking Tab Text Validation 
2019-11-27 17:44:38,097  INFO [main] LogReport:38 - Time and date validation starts
2019-11-27 17:44:38,177  INFO [main] LogReport:38 - Hours matched 
2019-11-27 17:44:38,177  INFO [main] LogReport:38 - Minutes matched
2019-11-27 17:45:49,272  INFO [main] LogReport:38 - login funcationality starts
2019-11-27 17:45:51,273  INFO [main] LogReport:38 - login fincationality ends
2019-11-27 17:45:51,273  INFO [main] LogReport:38 - Hi Demo User Text validation starts
2019-11-27 17:45:54,434  INFO [main] LogReport:38 - Booking Tab Text Validation 
2019-11-27 17:45:54,650  INFO [main] LogReport:38 - Time and date validation starts
2019-11-27 17:45:54,763  INFO [main] LogReport:38 - Hours matched 
2019-11-27 17:45:54,764  INFO [main] LogReport:38 - Minutes matched
2019-11-27 17:50:46,696  INFO [main] LogReport:38 - login funcationality starts
2019-11-27 17:50:48,369  INFO [main] LogReport:38 - login fincationality ends
2019-11-27 17:50:48,369  INFO [main] LogReport:38 - Hi Demo User Text validation starts
2019-11-27 17:50:51,495  INFO [main] LogReport:38 - Booking Tab Text Validation 
2019-11-27 17:50:51,646  INFO [main] LogReport:38 - Time and date validation starts
2019-11-27 17:50:51,716  INFO [main] LogReport:38 - Hours matched 
2019-11-27 17:50:51,716  INFO [main] LogReport:38 - Minutes matched
2019-11-27 17:52:31,025  INFO [main] LogReport:38 - login funcationality starts
2019-11-27 17:52:32,667  INFO [main] LogReport:38 - login fincationality ends
2019-11-27 17:52:32,668  INFO [main] LogReport:38 - Hi Demo User Text validation starts
2019-11-27 17:52:35,823  INFO [main] LogReport:38 - Booking Tab Text Validation 
2019-11-27 17:52:35,944  INFO [main] LogReport:38 - Time and date validation starts
2019-11-27 17:52:36,023  INFO [main] LogReport:38 - Hours matched 
2019-11-27 17:52:36,024  INFO [main] LogReport:38 - Minutes matched
2019-11-27 17:54:50,847  INFO [main] LogReport:38 - login funcationality starts
2019-11-27 17:54:52,596  INFO [main] LogReport:38 - login fincationality ends
2019-11-27 17:54:52,597  INFO [main] LogReport:38 - Hi Demo User Text validation starts
2019-11-27 17:54:57,793  INFO [main] LogReport:38 - Booking Tab Text Validation 
2019-11-27 17:54:57,934  INFO [main] LogReport:38 - Time and date validation starts
2019-11-27 17:54:58,003  INFO [main] LogReport:38 - Hours matched 
2019-11-27 17:54:58,004  INFO [main] LogReport:38 - Minutes matched
2019-11-27 17:58:44,629  INFO [main] LogReport:38 - login funcationality starts
2019-11-27 17:58:46,254  INFO [main] LogReport:38 - login fincationality ends
2019-11-27 17:58:46,255  INFO [main] LogReport:38 - Hi Demo User Text validation starts
2019-11-27 17:58:49,374  INFO [main] LogReport:38 - Booking Tab Text Validation 
2019-11-27 17:58:49,508  INFO [main] LogReport:38 - Time and date validation starts
2019-11-27 17:58:49,578  INFO [main] LogReport:38 - Hours matched 
2019-11-27 17:58:49,579  INFO [main] LogReport:38 - Minutes matched
2019-11-27 18:00:02,170  INFO [main] LogReport:38 - login funcationality starts
2019-11-27 18:00:03,785  INFO [main] LogReport:38 - login fincationality ends
2019-11-27 18:00:03,786  INFO [main] LogReport:38 - Hi Demo User Text validation starts
2019-11-27 18:00:06,920  INFO [main] LogReport:38 - Booking Tab Text Validation 
2019-11-27 18:00:07,065  INFO [main] LogReport:38 - Time and date validation starts
2019-11-27 18:00:07,134  INFO [main] LogReport:38 - Hours matched 
2019-11-27 18:00:07,134  INFO [main] LogReport:38 - Minutes matched
2019-11-27 19:32:53,461  INFO [main] LogReport:38 - login funcationality starts
2019-11-27 19:32:55,506  INFO [main] LogReport:38 - login fincationality ends
2019-11-27 19:32:55,506  INFO [main] LogReport:38 - Hi Demo User Text validation starts
2019-11-27 19:50:54,108  INFO [main] LogReport:38 - login funcationality starts
2019-11-27 19:50:55,989  INFO [main] LogReport:38 - login fincationality ends
2019-11-27 19:50:55,990  INFO [main] LogReport:38 - Hi Demo User Text validation starts
2019-11-27 19:52:30,283  INFO [main] LogReport:38 - login funcationality starts
2019-11-27 19:52:35,080  INFO [main] LogReport:38 - login fincationality ends
2019-11-27 19:52:35,080  INFO [main] LogReport:38 - Hi Demo User Text validation starts
2019-11-28 10:53:37,440  INFO [main] LogReport:38 - login funcationality starts
2019-11-28 10:53:40,761  INFO [main] LogReport:38 - login fincationality ends
2019-11-28 10:53:40,761  INFO [main] LogReport:38 - Hi Demo User Text validation starts
2019-11-28 11:16:05,196  INFO [main] LogReport:38 - login funcationality starts
2019-11-28 11:16:08,419  INFO [main] LogReport:38 - login fincationality ends
2019-11-28 11:17:15,856  INFO [main] LogReport:38 - login funcationality starts
2019-11-28 11:17:18,960  INFO [main] LogReport:38 - login fincationality ends
2019-11-28 11:18:07,415  INFO [main] LogReport:38 - login funcationality starts
2019-11-28 11:18:09,173  INFO [main] LogReport:38 - login fincationality ends
2019-11-28 11:19:03,544  INFO [main] LogReport:38 - login funcationality starts
2019-11-28 11:19:05,207  INFO [main] LogReport:38 - login fincationality ends
2019-11-28 11:20:50,244  INFO [main] LogReport:38 - login funcationality starts
2019-11-28 11:20:52,366  INFO [main] LogReport:38 - login fincationality ends
2019-11-28 11:21:41,083  INFO [main] LogReport:38 - login funcationality starts
2019-11-28 11:21:43,101  INFO [main] LogReport:38 - login fincationality ends
2019-11-28 11:21:48,304  INFO [main] LogReport:38 - Hi Demo User Text validation starts
2019-11-28 11:21:51,478  INFO [main] LogReport:38 - Booking Tab Text Validation 
2019-11-28 11:21:51,618  INFO [main] LogReport:38 - Time and date validation starts
2019-11-28 11:21:51,698  INFO [main] LogReport:38 - Hours matched 
2019-11-28 11:21:51,698  INFO [main] LogReport:38 - Minutes matched
2019-11-28 11:39:41,939  INFO [main] LogReport:38 - login funcationality starts
2019-11-28 11:39:43,552  INFO [main] LogReport:38 - login fincationality ends
2019-11-28 11:39:48,643  INFO [main] LogReport:38 - Hi Demo User Text validation starts
2019-11-28 11:39:51,902  INFO [main] LogReport:38 - Booking Tab Text Validation 
2019-11-28 11:39:52,070  INFO [main] LogReport:38 - Time and date validation starts
2019-11-28 11:39:52,151  INFO [main] LogReport:38 - Hours matched 
2019-11-28 11:39:52,152  INFO [main] LogReport:38 - Minutes matched
2019-11-28 11:40:13,499  INFO [main] LogReport:38 - assertion passed for BookingNo 
2019-11-28 11:40:13,697  INFO [main] LogReport:38 - assertion passed for BookingDueDate 
2019-11-28 11:40:13,886  INFO [main] LogReport:38 - assertion passed for BookingStatus 
